        -:    0:Source:que2.c
        -:    0:Graph:que2.gcno
        -:    0:Data:que2.gcda
        -:    0:Runs:3
        -:    1:#include <stdio.h>
        -:    2:
        3:    3:int main (void)
        -:    4:{
        -:    5:
        -:    6:	int i, total, num;
        -:    7:
        3:    8:	total = 0;
        -:    9:
       33:   10:	for (i = 0; i < 10; i++)
        3:   10-block  0
       33:   10-block  1
       30:   11:		total += i;
       30:   11-block  0
        -:   12:        
        3:   13:	if (total != 45)
        3:   13-block  0
    #####:   14:	    	printf ("Failure\n");
    %%%%%:   14-block  0
        -:   15:        else
        3:   16:	        printf ("Success\n");
        3:   16-block  0
        -:   17:
        3:   18:	num = 0;	
        3:   19:	switch(num) {
        3:   19-block  0
    #####:   20:	case 1: printf("1");
    %%%%%:   20-block  0
    #####:   21:		break;
        -:   22:
    #####:   23:	case 2: printf("2");
    %%%%%:   23-block  0
    #####:   24:		break;
        -:   25:	
    #####:   26:	case 3: printf("3");
    %%%%%:   26-block  0
    #####:   27:		break;
        -:   28:	
    #####:   29:	case 4: printf("4");
    %%%%%:   29-block  0
    #####:   30:		break;
        -:   31:
        3:   32:	default: printf("0");
        3:   32-block  0
        3:   33:		break;
        -:   34:				
        -:   35:	}
        3:   36:	return 0;
        3:   36-block  0
        -:   37:}
